open source     > level 1, order 1, name '/usr/share/texmf-dist/tex/context/base/mkiv/cont-yes.mkiv'
system          > 
system          > ConTeXt  ver: 2020.03.10 14:44 MKIV beta  fmt: 2020.9.15  int: english/english
system          > 
system          > 'cont-new.mkiv' loaded
open source     > level 2, order 2, name '/usr/share/texmf-dist/tex/context/base/mkiv/cont-new.mkiv'
system          > beware: some patches loaded from cont-new.mkiv
close source    > level 2, order 2, name '/usr/share/texmf-dist/tex/context/base/mkiv/cont-new.mkiv'
system          > files > jobname 'resume', input './resume', result 'resume'
fonts           > latin modern fonts are not preloaded
languages       > language 'en' is active
open source     > level 2, order 3, name '/home/dan/code/github.com/bryanlabs/go-bryanlabs-dev/content/resume/output/resume.tex'
colors          > defining > unknown library 'hex'
open source     > level 3, order 4, name '/usr/share/texmf-dist/tex/context/fonts/mkiv/type-imp-texgyre.mkiv'
close source    > level 3, order 4, name '/usr/share/texmf-dist/tex/context/fonts/mkiv/type-imp-texgyre.mkiv'
structure       > sectioning > section @ level 3 : 0.0.1 -> Dan Bryan
structure       > sectioning > subsection @ level 4 : 0.0.1.1 -> Top Technical Skills
structure       > sectioning > subsection @ level 4 : 0.0.1.2 -> Education
structure       > sectioning > subsection @ level 4 : 0.0.1.3 -> Certifications
structure       > sectioning > subsection @ level 4 : 0.0.1.4 -> Experience
backend         > xmp > using file '/usr/share/texmf-dist/tex/context/base/mkiv/lpdf-pdx.xml'
pages           > flushing realpage 1, userpage 1, subpage 1

Overfull \hbox (7.51535pt too wide) in paragraph at lines 205--208
 [][][] <1: texgyreheros-regular @ 11.0pt> De-vel-oped var-i-ous GoLang micro-services fo-cused on in-te-gra-tion with AWS, Mi-crosoft, and SafeNet

\hbox(11.62192+4.51962)x483.69687, glue set - 1.0, direction TLT
.\glue(\leftskip) 16.50238
.\localpar
..\localinterlinepenalty=0
..\localbrokenpenalty=0
..\localleftbox=null
..\localrightbox=null
.\hbox(0.0+0.0)x0.0, direction TLT
.\hbox(11.62192+4.51962)x0.0, glue set - 16.50238fil, direction TLT
..\glue 0.0 plus 1.0fil minus 1.0fil
..\hbox(11.62192+4.51962)x16.50238, direction TLT
...\hbox(11.62192+4.51962)x16.50238, glue set 12.65182fil, direction TLT []
.\boundary=1
.etc.


Overfull \hbox (8.0376pt too wide) in paragraph at lines 208--211
 [][][] <1: texgyreheros-regular @ 11.0pt> De-ployed Server-less web-site us-ing CodeStar, Code-Com-mit, Code-Build, Code-Pipeline, S3, Lambda

\hbox(11.62192+4.51962)x483.69687, glue set - 1.0, direction TLT
.\glue(\leftskip) 16.50238
.\localpar
..\localinterlinepenalty=0
..\localbrokenpenalty=0
..\localleftbox=null
..\localrightbox=null
.\hbox(0.0+0.0)x0.0, direction TLT
.\hbox(11.62192+4.51962)x0.0, glue set - 16.50238fil, direction TLT
..\glue 0.0 plus 1.0fil minus 1.0fil
..\hbox(11.62192+4.51962)x16.50238, direction TLT
...\hbox(11.62192+4.51962)x16.50238, glue set 12.65182fil, direction TLT []
.\boundary=1
.etc.

pages           > flushing realpage 2, userpage 2, subpage 2
pages           > flushing realpage 3, userpage 3, subpage 3
pages           > flushing realpage 4, userpage 4, subpage 4
pages           > flushing realpage 5, userpage 5, subpage 5
close source    > level 2, order 4, name '/home/dan/code/github.com/bryanlabs/go-bryanlabs-dev/content/resume/output/resume.tex'
close source    > level 1, order 4, name '/usr/share/texmf-dist/tex/context/base/mkiv/cont-yes.mkiv'

system          > start used files

system          > text: resume

system          > stop used files


system          > start used files

system          >    1: filename=char-prv.lua filetype=tex format=tex foundname=/usr/share/texmf-dist/tex/context/base/mkiv/char-prv.lua fullname=/usr/share/texmf-dist/tex/context/base/mkiv/char-prv.lua usedmethod=database
system          >    2: filename=cont-yes.mkiv filetype=tex foundname=/usr/share/texmf-dist/tex/context/base/mkiv/cont-yes.mkiv fullname=/usr/share/texmf-dist/tex/context/base/mkiv/cont-yes.mkiv usedmethod=database
system          >    3: filename=publ-imp-default.lua filetype=scripts foundname=/usr/share/texmf-dist/tex/context/base/mkiv/publ-imp-default.lua fullname=/usr/share/texmf-dist/tex/context/base/mkiv/publ-imp-default.lua usedmethod=database
system          >    4: filename=cont-new.mkiv filetype=tex foundname=/usr/share/texmf-dist/tex/context/base/mkiv/cont-new.mkiv fullname=/usr/share/texmf-dist/tex/context/base/mkiv/cont-new.mkiv usedmethod=database
system          >    5: filename=lang-exc.lua filetype=scripts foundname=/usr/share/texmf-dist/tex/context/base/mkiv/lang-exc.lua fullname=/usr/share/texmf-dist/tex/context/base/mkiv/lang-exc.lua usedmethod=database
system          >    6: filename=lang-us.lua filetype=scripts foundname=/usr/share/texmf-dist/tex/context/patterns/mkiv/lang-us.lua fullname=/usr/share/texmf-dist/tex/context/patterns/mkiv/lang-us.lua usedmethod=database
system          >    7: filename=/home/dan/code/github.com/bryanlabs/go-bryanlabs-dev/content/resume/output/resume.tex foundname=/home/dan/code/github.com/bryanlabs/go-bryanlabs-dev/content/resume/output/resume.tex fullname=/home/dan/code/github.com/bryanlabs/go-bryanlabs-dev/content/resume/output/resume.tex usedmethod=direct
system          >    8: filename=type-imp-texgyre.mkiv filetype=tex foundname=/usr/share/texmf-dist/tex/context/fonts/mkiv/type-imp-texgyre.mkiv fullname=/usr/share/texmf-dist/tex/context/fonts/mkiv/type-imp-texgyre.mkiv usedmethod=database
system          >    9: filename=lm.lfg filetype=tex foundname=/usr/share/texmf-dist/tex/context/fonts/mkiv/lm.lfg fullname=/usr/share/texmf-dist/tex/context/fonts/mkiv/lm.lfg usedmethod=database
system          >   10: filename=texgyreheros-regular filetype=otf format=otf foundname=/usr/share/texmf-dist/fonts/opentype/public/tex-gyre/texgyreheros-regular.otf fullname=/usr/share/texmf-dist/fonts/opentype/public/tex-gyre/texgyreheros-regular.otf usedmethod=database
system          >   11: filename=latinmodern-math.otf filetype=opentypefonts foundname=/usr/share/texmf-dist/fonts/opentype/public/lm-math/latinmodern-math.otf fullname=/usr/share/texmf-dist/fonts/opentype/public/lm-math/latinmodern-math.otf usedmethod=database
system          >   12: filename=texgyreheros-bold filetype=otf format=otf foundname=/usr/share/texmf-dist/fonts/opentype/public/tex-gyre/texgyreheros-bold.otf fullname=/usr/share/texmf-dist/fonts/opentype/public/tex-gyre/texgyreheros-bold.otf usedmethod=database
system          >   13: filename=texgyreheros-italic filetype=otf format=otf foundname=/usr/share/texmf-dist/fonts/opentype/public/tex-gyre/texgyreheros-italic.otf fullname=/usr/share/texmf-dist/fonts/opentype/public/tex-gyre/texgyreheros-italic.otf usedmethod=database
system          >   14: filename=pdftex.map filetype=map format=map foundname=/var/lib/texmf/fonts/map/pdftex/updmap/pdftex.map fullname=/var/lib/texmf/fonts/map/pdftex/updmap/pdftex.map usedmethod=database
system          >   15: filename=lpdf-pdx.xml filetype=tex foundname=/usr/share/texmf-dist/tex/context/base/mkiv/lpdf-pdx.xml fullname=/usr/share/texmf-dist/tex/context/base/mkiv/lpdf-pdx.xml usedmethod=database

system          > stop used files


system          > start commandline options

system          > currentrun="2"
system          > fulljobname="./resume.tex"
system          > input="./resume.tex"
system          > kindofrun="2"
system          > maxnofruns="9"
system          > texmfbinpath="/usr/bin"

system          > stop commandline options


system          > start commandline files

system          >    1: ./resume.tex

system          > stop commandline files


modules         > start used modules


modules         > stop used modules


mkiv lua stats  > used config file: selfautodir:/share/texmf-dist/web2c/texmfcnf.lua
mkiv lua stats  > used cache path: readable+writable: '/home/dan/.texlive/texmf-var/luatex-cache/context/0399a8df3aef8d154781d0a9c2b8e28d'
mkiv lua stats  > resource resolver: loadtime 0.011 seconds, 0 scans with scantime 0.000 seconds, 0 shared scans, 15 found files, scanned paths: <none>
mkiv lua stats  > stored bytecode data: 450 modules (0.145 sec), 93 tables (0.008 sec), 543 chunks (0.153 sec)
mkiv lua stats  > traced context: maxstack: 1398, freed: 0, unreachable: 1398
mkiv lua stats  > cleaned up reserved nodes: 65 nodes, 9 lists of 442
mkiv lua stats  > node memory usage: 14 attribute, 4 attribute_list, 1 glue, 51 glue_spec, 3 kern, 2 penalty, 2 temp, 2 user_defined
mkiv lua stats  > node list callback tasks: 8 unique task lists, 8 instances (re)created, 1127 calls
mkiv lua stats  > h-node processing time: 0.014 seconds including kernel
mkiv lua stats  > driver time: 0.011 seconds 
mkiv lua stats  > used backend: pdf (backend for directly generating pdf output)
mkiv lua stats  > jobdata time: 0.001 seconds saving, 0.001 seconds loading
mkiv lua stats  > callbacks: internal: 2255, file: 927, direct: 2, late: 13, function 1201, total: 4398 (1100 per page)
mkiv lua stats  > randomizer: resumed with value 0.29694424616173
mkiv lua stats  > result saved in file: resume.pdf, compresslevel 3, objectcompresslevel 1
mkiv lua stats  > loaded patterns: en::1, load time: 0.000
mkiv lua stats  > interactive elements: 1 references, 7 destinations
mkiv lua stats  > loaded fonts: 4 files: latinmodern-math.otf, texgyreheros-bold.otf, texgyreheros-italic.otf, texgyreheros-regular.otf
mkiv lua stats  > font engine: otf 3.111, afm 1.513, tfm 1.000, 13 instances, 7 shared in backend, 3 common vectors, 4 common hashes, load time 0.124 seconds 
mkiv lua stats  > pdf annotations: 1 links (1 unique), 0 special
mkiv lua stats  > used platform: linux-64, type: unix, binary subtree: usr
mkiv lua stats  > used engine: luatex version: 1.12, functionality level: 7306, banner: this is luatex, version 1.12.0 (tex live 2020/arch linux)
mkiv lua stats  > control sequences: 46199 of 65536 + 100000
mkiv lua stats  > lua properties: engine: lua 5.3, used memory: 94 MB, ctx: 93 MB, max: unknown MB, hash chars: min(64,40), symbol mask: utf (τεχ)
mkiv lua stats  > runtime: 0.426 seconds, 5 processed pages, 5 shipped pages, 11.737 pages/second

